<testsuite failures="0" name="src/test/java/Features/otp.feature" skipped="0" tests="1" time="2.10666">
  <testcase classname="src.test.java.Features.otp" name="should able to run with valid otp" time="2.10666">
    <system-out>* url baseUrl ............................................................. passed
Given path "/identity/api/v1/auth/challenge" .............................. passed
When request {"appCode": #(appCode),"mobile": #(phoneNo),"challengeType": "SMS-OTP"} . passed
And method post ........................................................... passed
Then status 200 ........................................................... passed
And print response ........................................................ passed</system-out>
  </testcase>
</testsuite>
